app/build/intermediates/manifest_merge_blame_file/release/processReleaseMainManifest/manifest-merger-blame-release-report.txt
1<?xml version="1.0" encoding="utf-8"?>
2<manifest xmlns:android="http://schemas.android.com/apk/res/android"
3    package="com.music.myplayer"
4    android:versionCode="1"
5    android:versionName="1.0" >
6
7    <uses-sdk
7-->INJECTED
8        android:minSdkVersion="26"
8-->INJECTED
9        android:targetSdkVersion="36" />
9-->INJECTED
10
11    <uses-permission android:name="android.permission.READ_MEDIA_AUDIO" />
11-->src/main/AndroidManifest.xml:5:5-75
11-->src/main/AndroidManifest.xml:5:22-72
12    <uses-permission
12-->src/main/AndroidManifest.xml:6:5-107
13        android:name="android.permission.READ_EXTERNAL_STORAGE"
13-->src/main/AndroidManifest.xml:6:22-77
14        android:maxSdkVersion="32" />
14-->src/main/AndroidManifest.xml:6:78-104
15    <uses-permission android:name="android.permission.FOREGROUND_SERVICE" />
15-->src/main/AndroidManifest.xml:7:5-77
15-->src/main/AndroidManifest.xml:7:22-74
16    <uses-permission android:name="android.permission.FOREGROUND_SERVICE_MEDIA_PLAYBACK" />
16-->src/main/AndroidManifest.xml:8:5-92
16-->src/main/AndroidManifest.xml:8:22-89
17    <uses-permission android:name="android.permission.ACCESS_NETWORK_STATE" />
17-->[androidx.media3:media3-common:1.10.1] AndroidManifest.xml:22:5-79
17-->[androidx.media3:media3-common:1.10.1] AndroidManifest.xml:22:22-76
18    <uses-permission android:name="android.permission.WAKE_LOCK" />
18-->[androidx.media3:media3-exoplayer:1.10.1] AndroidManifest.xml:23:5-68
18-->[androidx.media3:media3-exoplayer:1.10.1] AndroidManifest.xml:23:22-65
19
20    <permission
20-->[androidx.core:core:1.16.0] AndroidManifest.xml:22:5-24:47
21        android:name="com.music.myplayer.DYNAMIC_RECEIVER_NOT_EXPORTED_PERMISSION"
21-->[androidx.core:core:1.16.0] AndroidManifest.xml:23:9-81
22        android:protectionLevel="signature" />
22-->[androidx.core:core:1.16.0] AndroidManifest.xml:24:9-44
23
24    <uses-permission android:name="com.music.myplayer.DYNAMIC_RECEIVER_NOT_EXPORTED_PERMISSION" />
24-->[androidx.core:core:1.16.0] AndroidManifest.xml:26:5-97
24-->[androidx.core:core:1.16.0] AndroidManifest.xml:26:22-94
25
26    <application
26-->src/main/AndroidManifest.xml:10:5-43:19
27        android:allowBackup="true"
27-->src/main/AndroidManifest.xml:12:9-35
28        android:appComponentFactory="androidx.core.app.CoreComponentFactory"
28-->[androidx.core:core:1.16.0] AndroidManifest.xml:28:18-86
29        android:dataExtractionRules="@xml/data_extraction_rules"
29-->src/main/AndroidManifest.xml:13:9-65
30        android:extractNativeLibs="false"
30-->INJECTED
31        android:fullBackupContent="@xml/backup_rules"
31-->src/main/AndroidManifest.xml:14:9-54
32        android:icon="@mipmap/ic_launcher"
32-->src/main/AndroidManifest.xml:15:9-43
33        android:label="@string/app_name"
33-->src/main/AndroidManifest.xml:16:9-41
34        android:roundIcon="@mipmap/ic_launcher_round"
34-->src/main/AndroidManifest.xml:17:9-54
35        android:supportsRtl="true"
35-->src/main/AndroidManifest.xml:18:9-35
36        android:theme="@style/Theme.MyPlayer" >
36-->src/main/AndroidManifest.xml:19:9-46
37        <activity
37-->src/main/AndroidManifest.xml:20:9-31:20
38            android:name="com.music.myplayer.MainActivity"
38-->src/main/AndroidManifest.xml:21:13-41
39            android:exported="true"
39-->src/main/AndroidManifest.xml:22:13-36
40            android:label="@string/app_name"
40-->src/main/AndroidManifest.xml:23:13-45
41            android:theme="@style/Theme.MyPlayer"
41-->src/main/AndroidManifest.xml:24:13-50
42            android:windowSoftInputMode="adjustResize" >
42-->src/main/AndroidManifest.xml:25:13-55
43            <intent-filter>
43-->src/main/AndroidManifest.xml:26:13-30:29
44                <action android:name="android.intent.action.MAIN" />
44-->src/main/AndroidManifest.xml:27:17-69
44-->src/main/AndroidManifest.xml:27:25-66
45
46                <category android:name="android.intent.category.LAUNCHER" />
46-->src/main/AndroidManifest.xml:29:17-77
46-->src/main/AndroidManifest.xml:29:27-74
47            </intent-filter>
48        </activity>
49
50        <service
50-->src/main/AndroidManifest.xml:33:9-42:19
51            android:name="com.music.myplayer.player.MusicPlayerService"
51-->src/main/AndroidManifest.xml:34:13-54
52            android:exported="true"
52-->src/main/AndroidManifest.xml:36:13-36
53            android:foregroundServiceType="mediaPlayback"
53-->src/main/AndroidManifest.xml:35:13-58
54            android:permission="android.permission.BIND_TELECOM_CONNECTION_SERVICE" >
54-->src/main/AndroidManifest.xml:37:13-84
55            <intent-filter>
55-->src/main/AndroidManifest.xml:39:13-41:29
56                <action android:name="androidx.media3.session.MediaSessionService" />
56-->src/main/AndroidManifest.xml:40:17-86
56-->src/main/AndroidManifest.xml:40:25-83
57            </intent-filter>
58        </service>
59
60        <uses-library
60-->[androidx.window:window:1.5.0] AndroidManifest.xml:23:9-25:40
61            android:name="androidx.window.extensions"
61-->[androidx.window:window:1.5.0] AndroidManifest.xml:24:13-54
62            android:required="false" />
62-->[androidx.window:window:1.5.0] AndroidManifest.xml:25:13-37
63        <uses-library
63-->[androidx.window:window:1.5.0] AndroidManifest.xml:26:9-28:40
64            android:name="androidx.window.sidecar"
64-->[androidx.window:window:1.5.0] AndroidManifest.xml:27:13-51
65            android:required="false" />
65-->[androidx.window:window:1.5.0] AndroidManifest.xml:28:13-37
66
67        <provider
67-->[androidx.emoji2:emoji2:1.4.0] AndroidManifest.xml:24:9-32:20
68            android:name="androidx.startup.InitializationProvider"
68-->[androidx.emoji2:emoji2:1.4.0] AndroidManifest.xml:25:13-67
69            android:authorities="com.music.myplayer.androidx-startup"
69-->[androidx.emoji2:emoji2:1.4.0] AndroidManifest.xml:26:13-68
70            android:exported="false" >
70-->[androidx.emoji2:emoji2:1.4.0] AndroidManifest.xml:27:13-37
71            <meta-data
71-->[androidx.emoji2:emoji2:1.4.0] AndroidManifest.xml:29:13-31:52
72                android:name="androidx.emoji2.text.EmojiCompatInitializer"
72-->[androidx.emoji2:emoji2:1.4.0] AndroidManifest.xml:30:17-75
73                android:value="androidx.startup" />
73-->[androidx.emoji2:emoji2:1.4.0] AndroidManifest.xml:31:17-49
74            <meta-data
74-->[androidx.lifecycle:lifecycle-process:2.9.4] AndroidManifest.xml:29:13-31:52
75                android:name="androidx.lifecycle.ProcessLifecycleInitializer"
75-->[androidx.lifecycle:lifecycle-process:2.9.4] AndroidManifest.xml:30:17-78
76                android:value="androidx.startup" />
76-->[androidx.lifecycle:lifecycle-process:2.9.4] AndroidManifest.xml:31:17-49
77            <meta-data
77-->[androidx.profileinstaller:profileinstaller:1.4.0] AndroidManifest.xml:29:13-31:52
78                android:name="androidx.profileinstaller.ProfileInstallerInitializer"
78-->[androidx.profileinstaller:profileinstaller:1.4.0] AndroidManifest.xml:30:17-85
79                android:value="androidx.startup" />
79-->[androidx.profileinstaller:profileinstaller:1.4.0] AndroidManifest.xml:31:17-49
80        </provider>
81
82        <receiver
82-->[androidx.profileinstaller:profileinstaller:1.4.0] AndroidManifest.xml:34:9-52:20
83            android:name="androidx.profileinstaller.ProfileInstallReceiver"
83-->[androidx.profileinstaller:profileinstaller:1.4.0] AndroidManifest.xml:35:13-76
84            android:directBootAware="false"
84-->[androidx.profileinstaller:profileinstaller:1.4.0] AndroidManifest.xml:36:13-44
85            android:enabled="true"
85-->[androidx.profileinstaller:profileinstaller:1.4.0] AndroidManifest.xml:37:13-35
86            android:exported="true"
86-->[androidx.profileinstaller:profileinstaller:1.4.0] AndroidManifest.xml:38:13-36
87            android:permission="android.permission.DUMP" >
87-->[androidx.profileinstaller:profileinstaller:1.4.0] AndroidManifest.xml:39:13-57
88            <intent-filter>
88-->[androidx.profileinstaller:profileinstaller:1.4.0] AndroidManifest.xml:40:13-42:29
89                <action android:name="androidx.profileinstaller.action.INSTALL_PROFILE" />
89-->[androidx.profileinstaller:profileinstaller:1.4.0] AndroidManifest.xml:41:17-91
89-->[androidx.profileinstaller:profileinstaller:1.4.0] AndroidManifest.xml:41:25-88
90            </intent-filter>
91            <intent-filter>
91-->[androidx.profileinstaller:profileinstaller:1.4.0] AndroidManifest.xml:43:13-45:29
92                <action android:name="androidx.profileinstaller.action.SKIP_FILE" />
92-->[androidx.profileinstaller:profileinstaller:1.4.0] AndroidManifest.xml:44:17-85
92-->[androidx.profileinstaller:profileinstaller:1.4.0] AndroidManifest.xml:44:25-82
93            </intent-filter>
94            <intent-filter>
94-->[androidx.profileinstaller:profileinstaller:1.4.0] AndroidManifest.xml:46:13-48:29
95                <action android:name="androidx.profileinstaller.action.SAVE_PROFILE" />
95-->[androidx.profileinstaller:profileinstaller:1.4.0] AndroidManifest.xml:47:17-88
95-->[androidx.profileinstaller:profileinstaller:1.4.0] AndroidManifest.xml:47:25-85
96            </intent-filter>
97            <intent-filter>
97-->[androidx.profileinstaller:profileinstaller:1.4.0] AndroidManifest.xml:49:13-51:29
98                <action android:name="androidx.profileinstaller.action.BENCHMARK_OPERATION" />
98-->[androidx.profileinstaller:profileinstaller:1.4.0] AndroidManifest.xml:50:17-95
98-->[androidx.profileinstaller:profileinstaller:1.4.0] AndroidManifest.xml:50:25-92
99            </intent-filter>
100        </receiver>
101    </application>
102
103</manifest>